==2635== Memcheck, a memory error detector
==2635== Copyright (C) 2002-2017, and GNU GPL'd, by Julian Seward et al.
==2635== Using Valgrind-3.15.0 and LibVEX; rerun with -h for copyright info
==2635== Command: ./count
==2635== 
Enter source file/directory name: 
Total characters = 224
Total words      = 31
Total lines      = 10
Save results a file? [y/N]: ==2635== 
==2635== HEAP SUMMARY:
==2635==     in use at exit: 728 bytes in 2 blocks
==2635==   total heap usage: 5 allocs, 3 frees, 9,944 bytes allocated
==2635== 
==2635== 256 bytes in 1 blocks are definitely lost in loss record 1 of 2
==2635==    at 0x483B7F3: malloc (in /usr/lib/x86_64-linux-gnu/valgrind/vgpreload_memcheck-amd64-linux.so)
==2635==    by 0x109918: filecount (in /opt/count)
==2635==    by 0x1099FD: main (in /opt/count)
==2635== 
==2635== 472 bytes in 1 blocks are still reachable in loss record 2 of 2
==2635==    at 0x483B7F3: malloc (in /usr/lib/x86_64-linux-gnu/valgrind/vgpreload_memcheck-amd64-linux.so)
==2635==    by 0x48D8AAD: __fopen_internal (iofopen.c:65)
==2635==    by 0x48D8AAD: fopen@@GLIBC_2.2.5 (iofopen.c:86)
==2635==    by 0x109879: filecount (in /opt/count)
==2635==    by 0x1099FD: main (in /opt/count)
==2635== 
==2635== LEAK SUMMARY:
==2635==    definitely lost: 256 bytes in 1 blocks
==2635==    indirectly lost: 0 bytes in 0 blocks
==2635==      possibly lost: 0 bytes in 0 blocks
==2635==    still reachable: 472 bytes in 1 blocks
==2635==         suppressed: 0 bytes in 0 blocks
==2635== 
==2635== For lists of detected and suppressed errors, rerun with: -s
==2635== ERROR SUMMARY: 1 errors from 1 contexts (suppressed: 0 from 0)
==2648== Memcheck, a memory error detector
==2648== Copyright (C) 2002-2017, and GNU GPL'd, by Julian Seward et al.
==2648== Using Valgrind-3.15.0 and LibVEX; rerun with -h for copyright info
==2648== Command: ./count
==2648== 
Enter source file/directory name: 
Total characters = 224
Total words      = 31
Total lines      = 10
Save results a file? [y/N]: ==2648== 
==2648== HEAP SUMMARY:
==2648==     in use at exit: 728 bytes in 2 blocks
==2648==   total heap usage: 5 allocs, 3 frees, 9,944 bytes allocated
==2648== 
==2648== 256 bytes in 1 blocks are definitely lost in loss record 1 of 2
==2648==    at 0x483B7F3: malloc (in /usr/lib/x86_64-linux-gnu/valgrind/vgpreload_memcheck-amd64-linux.so)
==2648==    by 0x109918: filecount (in /opt/count)
==2648==    by 0x1099FD: main (in /opt/count)
==2648== 
==2648== 472 bytes in 1 blocks are still reachable in loss record 2 of 2
==2648==    at 0x483B7F3: malloc (in /usr/lib/x86_64-linux-gnu/valgrind/vgpreload_memcheck-amd64-linux.so)
==2648==    by 0x48D8AAD: __fopen_internal (iofopen.c:65)
==2648==    by 0x48D8AAD: fopen@@GLIBC_2.2.5 (iofopen.c:86)
==2648==    by 0x109879: filecount (in /opt/count)
==2648==    by 0x1099FD: main (in /opt/count)
==2648== 
==2648== LEAK SUMMARY:
==2648==    definitely lost: 256 bytes in 1 blocks
==2648==    indirectly lost: 0 bytes in 0 blocks
==2648==      possibly lost: 0 bytes in 0 blocks
==2648==    still reachable: 472 bytes in 1 blocks
==2648==         suppressed: 0 bytes in 0 blocks
==2648== 
==2648== For lists of detected and suppressed errors, rerun with: -s
==2648== ERROR SUMMARY: 1 errors from 1 contexts (suppressed: 0 from 0)
==2662== Memcheck, a memory error detector
==2662== Copyright (C) 2002-2017, and GNU GPL'd, by Julian Seward et al.
==2662== Using Valgrind-3.15.0 and LibVEX; rerun with -h for copyright info
==2662== Command: ./count
==2662== 
Enter source file/directory name: 
Total characters = 224
Total words      = 31
Total lines      = 10
Save results a file? [y/N]: ==2662== 
==2662== HEAP SUMMARY:
==2662==     in use at exit: 472 bytes in 1 blocks
==2662==   total heap usage: 4 allocs, 3 frees, 9,688 bytes allocated
==2662== 
==2662== 472 bytes in 1 blocks are still reachable in loss record 1 of 1
==2662==    at 0x483B7F3: malloc (in /usr/lib/x86_64-linux-gnu/valgrind/vgpreload_memcheck-amd64-linux.so)
==2662==    by 0x48D8AAD: __fopen_internal (iofopen.c:65)
==2662==    by 0x48D8AAD: fopen@@GLIBC_2.2.5 (iofopen.c:86)
==2662==    by 0x10984D: filecount (in /opt/count)
==2662==    by 0x1099E5: main (in /opt/count)
==2662== 
==2662== LEAK SUMMARY:
==2662==    definitely lost: 0 bytes in 0 blocks
==2662==    indirectly lost: 0 bytes in 0 blocks
==2662==      possibly lost: 0 bytes in 0 blocks
==2662==    still reachable: 472 bytes in 1 blocks
==2662==         suppressed: 0 bytes in 0 blocks
==2662== 
==2662== For lists of detected and suppressed errors, rerun with: -s
==2662== ERROR SUMMARY: 0 errors from 0 contexts (suppressed: 0 from 0)
